<?xml version="1.0" encoding="UTF-8"?>
<!-- Generated by org.testng.reporters.JUnitReportReporter -->
<testsuite hostname="Amit" name="flipkart.Util.landlinephon" tests="3" failures="0" timestamp="18 Jun 2016 04:03:09 GMT" time="0.017" errors="0">
  <testcase name="text" time="0.001" classname="flipkart.Util.landlinephon"/>
  <testcase name="call" time="0.014" classname="flipkart.Util.landlinephon"/>
  <testcase name="landlinemethod" time="0.002" classname="flipkart.Util.landlinephon"/>
</testsuite> <!-- flipkart.Util.landlinephon -->
