<?xml version="1.0" encoding="UTF-8"?>
<!-- Generated by org.testng.reporters.JUnitReportReporter -->
<testsuite hostname="Amit" name="fliokart.java.practice.ReadWriteXls" tests="2" failures="0" timestamp="27 Jun 2016 17:15:53 GMT" time="0.788" errors="0">
  <testcase name="writexls" time="0.284" classname="fliokart.java.practice.ReadWriteXls"/>
  <testcase name="Readingxls" time="0.504" classname="fliokart.java.practice.ReadWriteXls"/>
</testsuite> <!-- fliokart.java.practice.ReadWriteXls -->
