<?xml version="1.0" encoding="UTF-8"?>
<!-- Generated by org.testng.reporters.JUnitReportReporter -->
<testsuite hostname="Amit" name="flipkart.Testcases.LoginTest" tests="1" failures="0" timestamp="31 Jul 2016 03:09:16 GMT" time="48.019" errors="1">
  <testcase name="logintest" time="48.019" classname="flipkart.Testcases.LoginTest">
    <error type="org.openqa.selenium.WebDriverException" message="Failed to connect to binary FirefoxBinary(C:\Program Files (x86)\Mozilla Firefox\firefox.exe) on port 7055; process output follows: 
827	addons.xpi	DEBUG	Updating database with changes to installed add-ons
1469934510827	addons.xpi-utils	DEBUG	Updating add-on states
1469934510829	addons.xpi-utils	DEBUG	Writing add-ons list
1469934510846	addons.xpi	DEBUG	Registering manifest for C:\Program Files (x86)\Mozilla Firefox\browser\features\e10srollout@mozilla.org.xpi
1469934510847	addons.xpi	DEBUG	Calling bootstrap method startup on e10srollout@mozilla.org version 1.0
1469934510847	addons.xpi	DEBUG	Registering manifest for C:\Program Files (x86)\Mozilla Firefox\browser\features\firefox@getpocket.com.xpi
1469934510849	addons.xpi	DEBUG	Calling bootstrap method startup on firefox@getpocket.com version 1.0.2
1469934510850	addons.xpi	DEBUG	Registering manifest for C:\Program Files (x86)\Mozilla Firefox\browser\features\loop@mozilla.org.xpi
1469934510851	addons.xpi	DEBUG	Calling bootstrap method startup on loop@mozilla.org version 1.3.2
1469934510920	addons.manager	DEBUG	Registering shutdown blocker for XPIProvider
1469934510921	addons.manager	DEBUG	Provider finished startup: XPIProvider
1469934510921	addons.manager	DEBUG	Starting provider: LightweightThemeManager
1469934510922	addons.manager	DEBUG	Registering shutdown blocker for LightweightThemeManager
1469934510922	addons.manager	DEBUG	Provider finished startup: LightweightThemeManager
1469934510924	addons.manager	DEBUG	Starting provider: GMPProvider
1469934510948	addons.manager	DEBUG	Registering shutdown blocker for GMPProvider
1469934510949	addons.manager	DEBUG	Provider finished startup: GMPProvider
1469934510949	addons.manager	DEBUG	Starting provider: PluginProvider
1469934510949	addons.manager	DEBUG	Registering shutdown blocker for PluginProvider
1469934510950	addons.manager	DEBUG	Provider finished startup: PluginProvider
1469934510950	addons.manager	DEBUG	Completed startup sequence
1469934511643	addons.manager	DEBUG	Starting provider: &lt;unnamed-provider&gt;
1469934511643	addons.manager	DEBUG	Registering shutdown blocker for &lt;unnamed-provider&gt;
1469934511644	addons.manager	DEBUG	Provider finished startup: &lt;unnamed-provider&gt;
1469934512011	DeferredSave.extensions.json	DEBUG	Write succeeded
1469934512011	addons.xpi-utils	DEBUG	XPI Database saved, setting schema version preference to 17
1469934512012	DeferredSave.extensions.json	DEBUG	Starting timer
1469934512033	DeferredSave.extensions.json	DEBUG	Starting write
1469934512054	addons.repository	DEBUG	No addons.json found.
1469934512055	DeferredSave.addons.json	DEBUG	Save changes
1469934512061	DeferredSave.addons.json	DEBUG	Starting timer
1469934512131	addons.manager	DEBUG	Starting provider: PreviousExperimentProvider
1469934512131	addons.manager	DEBUG	Registering shutdown blocker for PreviousExperimentProvider
1469934512132	addons.manager	DEBUG	Provider finished startup: PreviousExperimentProvider
1469934512137	DeferredSave.addons.json	DEBUG	Starting write
1469934512152	DeferredSave.extensions.json	DEBUG	Write succeeded
1469934512194	DeferredSave.addons.json	DEBUG	Write succeeded
1469934528995	addons.xpi	DEBUG	Calling bootstrap method shutdown on e10srollout@mozilla.org version 1.0
1469934528995	addons.xpi	DEBUG	Calling bootstrap method shutdown on firefox@getpocket.com version 1.0.2
1469934528996	addons.xpi	DEBUG	Calling bootstrap method shutdown on loop@mozilla.org version 1.3.2
1469934529161	addons.manager	DEBUG	shutdown
1469934529162	addons.manager	DEBUG	Calling shutdown blocker for XPIProvider
1469934529162	addons.xpi	DEBUG	shutdown
1469934529162	addons.xpi-utils	DEBUG	shutdown
1469934529163	addons.manager	DEBUG	Calling shutdown blocker for LightweightThemeManager
1469934529163	addons.manager	DEBUG	Calling shutdown blocker for GMPProvider
1469934529165	addons.manager	DEBUG	Calling shutdown blocker for PluginProvider
1469934529166	addons.manager	DEBUG	Calling shutdown blocker for &lt;unnamed-provider&gt;
1469934529168	addons.manager	DEBUG	Calling shutdown blocker for PreviousExperimentProvider
1469934529170	addons.xpi	DEBUG	Notifying XPI shutdown observers
1469934529173	addons.manager	DEBUG	Async provider shutdown done

Build info: version: &#039;2.53.0&#039;, revision: &#039;35ae25b&#039;, time: &#039;2016-03-15 16:57:40&#039;
System info: host: &#039;Amit&#039;, ip: &#039;192.168.0.14&#039;, os.name: &#039;Windows 8.1&#039;, os.arch: &#039;amd64&#039;, os.version: &#039;6.3&#039;, java.version: &#039;1.8.0_77&#039;
Driver info: driver.version: FirefoxDriver">
      <![CDATA[org.openqa.selenium.WebDriverException: Failed to connect to binary FirefoxBinary(C:\Program Files (x86)\Mozilla Firefox\firefox.exe) on port 7055; process output follows: 
827	addons.xpi	DEBUG	Updating database with changes to installed add-ons
1469934510827	addons.xpi-utils	DEBUG	Updating add-on states
1469934510829	addons.xpi-utils	DEBUG	Writing add-ons list
1469934510846	addons.xpi	DEBUG	Registering manifest for C:\Program Files (x86)\Mozilla Firefox\browser\features\e10srollout@mozilla.org.xpi
1469934510847	addons.xpi	DEBUG	Calling bootstrap method startup on e10srollout@mozilla.org version 1.0
1469934510847	addons.xpi	DEBUG	Registering manifest for C:\Program Files (x86)\Mozilla Firefox\browser\features\firefox@getpocket.com.xpi
1469934510849	addons.xpi	DEBUG	Calling bootstrap method startup on firefox@getpocket.com version 1.0.2
1469934510850	addons.xpi	DEBUG	Registering manifest for C:\Program Files (x86)\Mozilla Firefox\browser\features\loop@mozilla.org.xpi
1469934510851	addons.xpi	DEBUG	Calling bootstrap method startup on loop@mozilla.org version 1.3.2
1469934510920	addons.manager	DEBUG	Registering shutdown blocker for XPIProvider
1469934510921	addons.manager	DEBUG	Provider finished startup: XPIProvider
1469934510921	addons.manager	DEBUG	Starting provider: LightweightThemeManager
1469934510922	addons.manager	DEBUG	Registering shutdown blocker for LightweightThemeManager
1469934510922	addons.manager	DEBUG	Provider finished startup: LightweightThemeManager
1469934510924	addons.manager	DEBUG	Starting provider: GMPProvider
1469934510948	addons.manager	DEBUG	Registering shutdown blocker for GMPProvider
1469934510949	addons.manager	DEBUG	Provider finished startup: GMPProvider
1469934510949	addons.manager	DEBUG	Starting provider: PluginProvider
1469934510949	addons.manager	DEBUG	Registering shutdown blocker for PluginProvider
1469934510950	addons.manager	DEBUG	Provider finished startup: PluginProvider
1469934510950	addons.manager	DEBUG	Completed startup sequence
1469934511643	addons.manager	DEBUG	Starting provider: <unnamed-provider>
1469934511643	addons.manager	DEBUG	Registering shutdown blocker for <unnamed-provider>
1469934511644	addons.manager	DEBUG	Provider finished startup: <unnamed-provider>
1469934512011	DeferredSave.extensions.json	DEBUG	Write succeeded
1469934512011	addons.xpi-utils	DEBUG	XPI Database saved, setting schema version preference to 17
1469934512012	DeferredSave.extensions.json	DEBUG	Starting timer
1469934512033	DeferredSave.extensions.json	DEBUG	Starting write
1469934512054	addons.repository	DEBUG	No addons.json found.
1469934512055	DeferredSave.addons.json	DEBUG	Save changes
1469934512061	DeferredSave.addons.json	DEBUG	Starting timer
1469934512131	addons.manager	DEBUG	Starting provider: PreviousExperimentProvider
1469934512131	addons.manager	DEBUG	Registering shutdown blocker for PreviousExperimentProvider
1469934512132	addons.manager	DEBUG	Provider finished startup: PreviousExperimentProvider
1469934512137	DeferredSave.addons.json	DEBUG	Starting write
1469934512152	DeferredSave.extensions.json	DEBUG	Write succeeded
1469934512194	DeferredSave.addons.json	DEBUG	Write succeeded
1469934528995	addons.xpi	DEBUG	Calling bootstrap method shutdown on e10srollout@mozilla.org version 1.0
1469934528995	addons.xpi	DEBUG	Calling bootstrap method shutdown on firefox@getpocket.com version 1.0.2
1469934528996	addons.xpi	DEBUG	Calling bootstrap method shutdown on loop@mozilla.org version 1.3.2
1469934529161	addons.manager	DEBUG	shutdown
1469934529162	addons.manager	DEBUG	Calling shutdown blocker for XPIProvider
1469934529162	addons.xpi	DEBUG	shutdown
1469934529162	addons.xpi-utils	DEBUG	shutdown
1469934529163	addons.manager	DEBUG	Calling shutdown blocker for LightweightThemeManager
1469934529163	addons.manager	DEBUG	Calling shutdown blocker for GMPProvider
1469934529165	addons.manager	DEBUG	Calling shutdown blocker for PluginProvider
1469934529166	addons.manager	DEBUG	Calling shutdown blocker for <unnamed-provider>
1469934529168	addons.manager	DEBUG	Calling shutdown blocker for PreviousExperimentProvider
1469934529170	addons.xpi	DEBUG	Notifying XPI shutdown observers
1469934529173	addons.manager	DEBUG	Async provider shutdown done

Build info: version: '2.53.0', revision: '35ae25b', time: '2016-03-15 16:57:40'
System info: host: 'Amit', ip: '192.168.0.14', os.name: 'Windows 8.1', os.arch: 'amd64', os.version: '6.3', java.version: '1.8.0_77'
Driver info: driver.version: FirefoxDriver
	at org.openqa.selenium.firefox.internal.NewProfileExtensionConnection.start(NewProfileExtensionConnection.java:124)
	at org.openqa.selenium.firefox.FirefoxDriver.startClient(FirefoxDriver.java:271)
	at org.openqa.selenium.remote.RemoteWebDriver.<init>(RemoteWebDriver.java:119)
	at org.openqa.selenium.firefox.FirefoxDriver.<init>(FirefoxDriver.java:218)
	at org.openqa.selenium.firefox.FirefoxDriver.<init>(FirefoxDriver.java:211)
	at org.openqa.selenium.firefox.FirefoxDriver.<init>(FirefoxDriver.java:207)
	at org.openqa.selenium.firefox.FirefoxDriver.<init>(FirefoxDriver.java:120)
	at flipkart.Main.basePage.<init>(basePage.java:43)
	at flipkart.Pages.doLogin.<init>(doLogin.java:12)
	at flipkart.Testcases.LoginTest.logintest(LoginTest.java:20)
	at sun.reflect.NativeMethodAccessorImpl.invoke0(Native Method)
	at sun.reflect.NativeMethodAccessorImpl.invoke(Unknown Source)
	at sun.reflect.DelegatingMethodAccessorImpl.invoke(Unknown Source)
	at java.lang.reflect.Method.invoke(Unknown Source)
	at org.testng.internal.MethodInvocationHelper.invokeMethod(MethodInvocationHelper.java:85)
	at org.testng.internal.Invoker.invokeMethod(Invoker.java:639)
	at org.testng.internal.Invoker.invokeTestMethod(Invoker.java:816)
	at org.testng.internal.Invoker.invokeTestMethods(Invoker.java:1124)
	at org.testng.internal.TestMethodWorker.invokeTestMethods(TestMethodWorker.java:125)
	at org.testng.internal.TestMethodWorker.run(TestMethodWorker.java:108)
	at org.testng.TestRunner.privateRun(TestRunner.java:774)
	at org.testng.TestRunner.run(TestRunner.java:624)
	at org.testng.SuiteRunner.runTest(SuiteRunner.java:359)
	at org.testng.SuiteRunner.runSequentially(SuiteRunner.java:354)
	at org.testng.SuiteRunner.privateRun(SuiteRunner.java:312)
	at org.testng.SuiteRunner.run(SuiteRunner.java:261)
	at org.testng.SuiteRunnerWorker.runSuite(SuiteRunnerWorker.java:52)
	at org.testng.SuiteRunnerWorker.run(SuiteRunnerWorker.java:86)
	at org.testng.TestNG.runSuitesSequentially(TestNG.java:1215)
	at org.testng.TestNG.runSuitesLocally(TestNG.java:1140)
	at org.testng.TestNG.run(TestNG.java:1048)
	at org.testng.remote.RemoteTestNG.run(RemoteTestNG.java:112)
	at org.testng.remote.RemoteTestNG.initAndRun(RemoteTestNG.java:205)
	at org.testng.remote.RemoteTestNG.main(RemoteTestNG.java:176)
Caused by: org.openqa.selenium.firefox.NotConnectedException: Unable to connect to host 127.0.0.1 on port 7055 after 45000 ms. Firefox console output:
827	addons.xpi	DEBUG	Updating database with changes to installed add-ons
1469934510827	addons.xpi-utils	DEBUG	Updating add-on states
1469934510829	addons.xpi-utils	DEBUG	Writing add-ons list
1469934510846	addons.xpi	DEBUG	Registering manifest for C:\Program Files (x86)\Mozilla Firefox\browser\features\e10srollout@mozilla.org.xpi
1469934510847	addons.xpi	DEBUG	Calling bootstrap method startup on e10srollout@mozilla.org version 1.0
1469934510847	addons.xpi	DEBUG	Registering manifest for C:\Program Files (x86)\Mozilla Firefox\browser\features\firefox@getpocket.com.xpi
1469934510849	addons.xpi	DEBUG	Calling bootstrap method startup on firefox@getpocket.com version 1.0.2
1469934510850	addons.xpi	DEBUG	Registering manifest for C:\Program Files (x86)\Mozilla Firefox\browser\features\loop@mozilla.org.xpi
1469934510851	addons.xpi	DEBUG	Calling bootstrap method startup on loop@mozilla.org version 1.3.2
1469934510920	addons.manager	DEBUG	Registering shutdown blocker for XPIProvider
1469934510921	addons.manager	DEBUG	Provider finished startup: XPIProvider
1469934510921	addons.manager	DEBUG	Starting provider: LightweightThemeManager
1469934510922	addons.manager	DEBUG	Registering shutdown blocker for LightweightThemeManager
1469934510922	addons.manager	DEBUG	Provider finished startup: LightweightThemeManager
1469934510924	addons.manager	DEBUG	Starting provider: GMPProvider
1469934510948	addons.manager	DEBUG	Registering shutdown blocker for GMPProvider
1469934510949	addons.manager	DEBUG	Provider finished startup: GMPProvider
1469934510949	addons.manager	DEBUG	Starting provider: PluginProvider
1469934510949	addons.manager	DEBUG	Registering shutdown blocker for PluginProvider
1469934510950	addons.manager	DEBUG	Provider finished startup: PluginProvider
1469934510950	addons.manager	DEBUG	Completed startup sequence
1469934511643	addons.manager	DEBUG	Starting provider: <unnamed-provider>
1469934511643	addons.manager	DEBUG	Registering shutdown blocker for <unnamed-provider>
1469934511644	addons.manager	DEBUG	Provider finished startup: <unnamed-provider>
1469934512011	DeferredSave.extensions.json	DEBUG	Write succeeded
1469934512011	addons.xpi-utils	DEBUG	XPI Database saved, setting schema version preference to 17
1469934512012	DeferredSave.extensions.json	DEBUG	Starting timer
1469934512033	DeferredSave.extensions.json	DEBUG	Starting write
1469934512054	addons.repository	DEBUG	No addons.json found.
1469934512055	DeferredSave.addons.json	DEBUG	Save changes
1469934512061	DeferredSave.addons.json	DEBUG	Starting timer
1469934512131	addons.manager	DEBUG	Starting provider: PreviousExperimentProvider
1469934512131	addons.manager	DEBUG	Registering shutdown blocker for PreviousExperimentProvider
1469934512132	addons.manager	DEBUG	Provider finished startup: PreviousExperimentProvider
1469934512137	DeferredSave.addons.json	DEBUG	Starting write
1469934512152	DeferredSave.extensions.json	DEBUG	Write succeeded
1469934512194	DeferredSave.addons.json	DEBUG	Write succeeded
1469934528995	addons.xpi	DEBUG	Calling bootstrap method shutdown on e10srollout@mozilla.org version 1.0
1469934528995	addons.xpi	DEBUG	Calling bootstrap method shutdown on firefox@getpocket.com version 1.0.2
1469934528996	addons.xpi	DEBUG	Calling bootstrap method shutdown on loop@mozilla.org version 1.3.2
1469934529161	addons.manager	DEBUG	shutdown
1469934529162	addons.manager	DEBUG	Calling shutdown blocker for XPIProvider
1469934529162	addons.xpi	DEBUG	shutdown
1469934529162	addons.xpi-utils	DEBUG	shutdown
1469934529163	addons.manager	DEBUG	Calling shutdown blocker for LightweightThemeManager
1469934529163	addons.manager	DEBUG	Calling shutdown blocker for GMPProvider
1469934529165	addons.manager	DEBUG	Calling shutdown blocker for PluginProvider
1469934529166	addons.manager	DEBUG	Calling shutdown blocker for <unnamed-provider>
1469934529168	addons.manager	DEBUG	Calling shutdown blocker for PreviousExperimentProvider
1469934529170	addons.xpi	DEBUG	Notifying XPI shutdown observers
1469934529173	addons.manager	DEBUG	Async provider shutdown done

	at org.openqa.selenium.firefox.internal.NewProfileExtensionConnection.start(NewProfileExtensionConnection.java:112)
	... 33 more
]]>
    </error>
  </testcase> <!-- logintest -->
</testsuite> <!-- flipkart.Testcases.LoginTest -->
