<?xml version="1.0" encoding="UTF-8"?>
<!-- Generated by org.testng.reporters.JUnitReportReporter -->
<testsuite hostname="Amit" name="flipkart.Testcases.AccountPageTest" tests="1" failures="0" timestamp="3 Jul 2016 05:57:50 GMT" time="63.240" errors="0">
  <testcase name="accountpagetest" time="63.240" classname="flipkart.Testcases.AccountPageTest"/>
</testsuite> <!-- flipkart.Testcases.AccountPageTest -->
