<?xml version="1.0" encoding="UTF-8"?>
<!-- Generated by org.testng.reporters.JUnitReportReporter -->
<testsuite hostname="Amit" name="flipkart.rough.SampletestNgListenerImplemetation" tests="1" failures="0" timestamp="7 Jun 2016 18:58:07 GMT" time="0.023" errors="0">
  <testcase name="gogoleverify" time="0.023" classname="flipkart.rough.SampletestNgListenerImplemetation"/>
</testsuite> <!-- flipkart.rough.SampletestNgListenerImplemetation -->
