<?xml version="1.0" encoding="UTF-8"?>
<!-- Generated by org.testng.reporters.JUnitReportReporter -->
<testsuite hostname="Amit" name="fliokart.java.practice.ReadingXML" tests="1" failures="0" timestamp="27 Jun 2016 17:15:53 GMT" time="0.005" errors="0">
  <testcase name="readingxml" time="0.005" classname="fliokart.java.practice.ReadingXML"/>
</testsuite> <!-- fliokart.java.practice.ReadingXML -->
