<?xml version="1.0" encoding="UTF-8"?>
<!-- Generated by org.testng.reporters.JUnitReportReporter -->
<testsuite hostname="Amit" name="pickdate" tests="1" failures="0" timestamp="29 Jun 2016 18:45:18 GMT" time="44.357" errors="0">
  <testcase name="picexpdate" time="44.357" classname="pickdate"/>
</testsuite> <!-- pickdate -->
