<?xml version="1.0" encoding="UTF-8"?>
<!-- Generated by org.testng.reporters.JUnitReportReporter -->
<testsuite hostname="Amit" name="flipkart.Testcases.addAddress" tests="1" failures="0" timestamp="3 Jul 2016 22:05:41 GMT" time="71.075" errors="0">
  <testcase name="verifyAddress" time="71.075" classname="flipkart.Testcases.addAddress"/>
</testsuite> <!-- flipkart.Testcases.addAddress -->
