<?xml version="1.0" encoding="UTF-8"?>
<!-- Generated by org.testng.reporters.JUnitReportReporter -->
<testsuite hostname="Amit" name="sample" tests="2" failures="0" timestamp="29 Jun 2016 18:45:18 GMT" time="0.004" errors="0">
  <testcase name="sample2" time="0.002" classname="sample"/>
  <testcase name="sample1" time="0.002" classname="sample"/>
</testsuite> <!-- sample -->
